latexmlpost (LaTeXML version 0.8.8; revision e0f73ca2) paginating /tmp/delta2/x_1910.10688/p.xml
Error:malformed:document Document fails RelaxNG validation (LaTeXML)
	Validation reports: file:///tmp/delta2/x_1910.10688/p.html:0: Relax-NG validity error : Element document has extra content: title
	(Jing may provide a more precise report; https://relaxng.org/jclark/jing.html)
	In Post::Document[p.html] /tmp/delta2/x_1910.10688/p.xml
(post-processing...
(Scan p.html processing...
Scan: DBStatus: 65995/0 objects
 4.58 sec)
(MakeBibliography p.html processing... 0.00 sec)
(CrossRef p.html processing... 1.21 sec)
(Graphics p.html 44 to process... 0.60 sec)
(MathML::Presentation p.html 2651 to process...
Info:ignored:spacing No place to set spacing to 0.337 (default 0) between
	[m:mi,{_role=>UNKNOWN,_rpadding=>0.17,_sourced=>1},i] and 
	[m:mi,{_role=>TRIGFUNCTION,_rpadding=>-0.17,_sourced=>1},sin]
Info:ignored:spacing No place to set spacing to 0.337 (default 0) between
	[m:mi,{_role=>UNKNOWN,_rpadding=>0.17,_sourced=>1},i] and 
	[m:mi,{_role=>TRIGFUNCTION,_rpadding=>-0.17,_sourced=>1},sin]
Info:ignored:spacing No place to set spacing to 0.337 (default 0) between
	[m:mi,{_role=>UNKNOWN,_rpadding=>0.17,_sourced=>1},i] and 
	[m:mi,{_role=>TRIGFUNCTION,_rpadding=>-0.17,_sourced=>1},sin]
Info:ignored:spacing No place to set spacing to 0.337 (default 0) between
	[m:mi,{_role=>UNKNOWN,_rpadding=>0.17,_sourced=>1},i] and 
	[m:mi,{_role=>TRIGFUNCTION,_rpadding=>-0.17,_sourced=>1},sin]
Info:ignored:spacing No place to set spacing to 0.56 (default 0) between
	[m:mi,{_role=>UNKNOWN,_rpadding=>0.56,_sourced=>1},with] and 
	[m:mi,{_sourced=>1},]
converted 2651 Maths
 3.16 sec)
(XSLT[using LaTeXML-html5.xsl] p.html processing... 1.62 sec)
(Writer p.html processing... 0.02 sec) 11.26 sec)
Postprocessing complete 1 error (See /home/deyan/git/latexml-oxide/p.latexmlpost.log) (reqd. 13.33s)
